<?xml version="1.0" encoding="UTF-8"?>
<testng-results ignored="0" total="2" passed="2" failed="0" skipped="0">
  <reporter-output>
  </reporter-output>
  <suite started-at="2022-12-14T10:40:34 CET" name="All Test Suite" finished-at="2022-12-14T10:40:38 CET" duration-ms="3794">
    <groups>
    </groups>
    <test started-at="2022-12-14T10:40:34 CET" name="C:/DEV/MiniProject1/src/test/java/Test01.java" finished-at="2022-12-14T10:40:36 CET" duration-ms="2369">
      <class name="test.java.Test01">
        <test-method is-config="true" signature="monBefore()[pri:0, instance:test.java.Test01@6fd83fc1]" started-at="2022-12-14T10:40:34 CET" name="monBefore" finished-at="2022-12-14T10:40:36 CET" duration-ms="1967" status="PASS">
          <reporter-output>
          </reporter-output>
        </test-method> <!-- monBefore -->
        <test-method signature="test01()[pri:0, instance:test.java.Test01@6fd83fc1]" started-at="2022-12-14T10:40:36 CET" name="test01" finished-at="2022-12-14T10:40:36 CET" duration-ms="348" status="PASS">
          <reporter-output>
          </reporter-output>
        </test-method> <!-- test01 -->
        <test-method is-config="true" signature="mnAfter()[pri:0, instance:test.java.Test01@6fd83fc1]" started-at="2022-12-14T10:40:36 CET" name="mnAfter" finished-at="2022-12-14T10:40:36 CET" duration-ms="0" status="PASS">
          <reporter-output>
          </reporter-output>
        </test-method> <!-- mnAfter -->
      </class> <!-- test.java.Test01 -->
    </test> <!-- C:/DEV/MiniProject1/src/test/java/Test01.java -->
    <test started-at="2022-12-14T10:40:36 CET" name="C:/DEV/MiniProject1/src/test/java/test02.java" finished-at="2022-12-14T10:40:38 CET" duration-ms="1399">
      <class name="test.java.test02">
        <test-method is-config="true" signature="monBefore()[pri:0, instance:test.java.test02@45099dd3]" started-at="2022-12-14T10:40:36 CET" name="monBefore" finished-at="2022-12-14T10:40:37 CET" duration-ms="1089" status="PASS">
          <reporter-output>
          </reporter-output>
        </test-method> <!-- monBefore -->
        <test-method signature="test02()[pri:0, instance:test.java.test02@45099dd3]" started-at="2022-12-14T10:40:37 CET" name="test02" finished-at="2022-12-14T10:40:38 CET" duration-ms="307" status="PASS">
          <reporter-output>
          </reporter-output>
        </test-method> <!-- test02 -->
        <test-method is-config="true" signature="mnAfter()[pri:0, instance:test.java.test02@45099dd3]" started-at="2022-12-14T10:40:38 CET" name="mnAfter" finished-at="2022-12-14T10:40:38 CET" duration-ms="0" status="PASS">
          <reporter-output>
          </reporter-output>
        </test-method> <!-- mnAfter -->
      </class> <!-- test.java.test02 -->
    </test> <!-- C:/DEV/MiniProject1/src/test/java/test02.java -->
  </suite> <!-- All Test Suite -->
</testng-results>
